TN:
SF:index.js
FN:24,(anonymous_0)
FNF:1
FNH:1
FNDA:9,(anonymous_0)
DA:4,9
DA:5,9
DA:9,9
DA:12,9
DA:13,9
DA:16,9
DA:17,9
DA:20,9
DA:24,9
DA:29,9
DA:44,9
DA:48,9
DA:49,9
DA:52,9
DA:53,9
DA:56,9
DA:59,9
DA:62,0
DA:68,9
DA:69,9
DA:73,9
LF:21
LH:20
BRDA:4,0,0,9
BRDA:4,0,1,0
BRDA:59,1,0,0
BRDA:59,1,1,9
BRF:4
BRH:2
end_of_record
TN:
SF:lib\agent.js
FN:7,setupAgent
FN:10,createOrUpdate
FN:39,findById
FN:44,findByUuid
FN:55,findAll
FN:60,findConnected
FN:69,findByUsername
FNF:7
FNH:7
FNDA:9,setupAgent
FNDA:2,createOrUpdate
FNDA:1,findById
FNDA:1,findByUuid
FNDA:1,findAll
FNDA:1,findConnected
FNDA:1,findByUsername
DA:7,1
DA:12,2
DA:19,2
DA:21,2
DA:24,1
DA:26,1
DA:32,1
DA:33,1
DA:40,1
DA:46,1
DA:56,1
DA:61,1
DA:70,1
DA:81,9
LF:14
LH:14
BRDA:21,0,0,1
BRDA:21,0,1,1
BRDA:26,1,0,1
BRDA:26,1,1,0
BRF:4
BRH:3
end_of_record
TN:
SF:lib\db.js
FN:9,setupDatabase
FNF:1
FNH:1
FNDA:9,setupDatabase
DA:4,1
DA:6,1
DA:9,1
DA:12,9
DA:13,1
DA:14,1
DA:17,9
LF:7
LH:7
BRDA:12,0,0,1
BRDA:12,0,1,8
BRF:2
BRH:2
end_of_record
TN:
SF:lib\metric.js
FN:3,setupMetric
FN:6,findByAgentUuid
FN:24,findByTypeAgentUuid
FN:48,create
FNF:4
FNH:1
FNDA:9,setupMetric
FNDA:0,findByAgentUuid
FNDA:0,findByTypeAgentUuid
FNDA:0,create
DA:3,1
DA:8,0
DA:26,0
DA:50,0
DA:55,0
DA:57,0
DA:58,0
DA:59,0
DA:68,9
LF:9
LH:2
BRDA:55,0,0,0
BRDA:55,0,1,0
BRF:2
BRH:0
end_of_record
TN:
SF:models\agent.js
FN:9,setupAgentModel
FNF:1
FNH:0
FNDA:0,setupAgentModel
DA:4,1
DA:6,1
DA:9,1
DA:12,0
DA:14,0
LF:5
LH:3
BRF:0
BRH:0
end_of_record
TN:
SF:models\metric.js
FN:6,setupMetricModel
FNF:1
FNH:0
FNDA:0,setupMetricModel
DA:3,1
DA:4,1
DA:6,1
DA:8,0
DA:10,0
LF:5
LH:3
BRF:0
BRH:0
end_of_record
